2022-03-11T20:12:44,015  INFO main games.domain.game.BoardGame:41 - ******** Starting a Game of  Snake and Ladders!! ********
2022-03-11T20:12:44,018 DEBUG main games.domain.game.SnakeAndLadderGame:110 - Performed move by user: Player 1 , Move Type: NORMAL_ADVANCE, Move from Position 0 and Move to Position: 6, Roll on the dice 6
2022-03-11T20:12:44,018 DEBUG main games.domain.game.SnakeAndLadderGame:127 - Got a 6 on the Dice! Player Player 1 will play another turn! 
2022-03-11T20:12:44,019 DEBUG main games.domain.game.SnakeAndLadderGame:110 - Performed move by user: Player 1 , Move Type: NORMAL_ADVANCE, Move from Position 6 and Move to Position: 9, Roll on the dice 3
2022-03-11T20:12:44,019 DEBUG main games.domain.game.SnakeAndLadderGame:110 - Performed move by user: Player 2 , Move Type: NORMAL_ADVANCE, Move from Position 0 and Move to Position: 5, Roll on the dice 5
2022-03-11T20:12:44,019 DEBUG main games.domain.game.SnakeAndLadderGame:110 - Performed move by user: Player 1 , Move Type: LADDER_ADVANCE, Move from Position 9 and Move to Position: 46, Roll on the dice 4
2022-03-11T20:12:44,019 DEBUG main games.domain.game.SnakeAndLadderGame:110 - Performed move by user: Player 2 , Move Type: NORMAL_ADVANCE, Move from Position 5 and Move to Position: 10, Roll on the dice 5
2022-03-11T20:12:44,019 DEBUG main games.domain.game.SnakeAndLadderGame:110 - Performed move by user: Player 1 , Move Type: NORMAL_ADVANCE, Move from Position 46 and Move to Position: 47, Roll on the dice 1
2022-03-11T20:12:44,019 DEBUG main games.domain.game.SnakeAndLadderGame:110 - Performed move by user: Player 2 , Move Type: NORMAL_ADVANCE, Move from Position 10 and Move to Position: 16, Roll on the dice 6
2022-03-11T20:12:44,020 DEBUG main games.domain.game.SnakeAndLadderGame:127 - Got a 6 on the Dice! Player Player 2 will play another turn! 
2022-03-11T20:12:44,020 DEBUG main games.domain.game.SnakeAndLadderGame:110 - Performed move by user: Player 2 , Move Type: NORMAL_ADVANCE, Move from Position 16 and Move to Position: 18, Roll on the dice 2
2022-03-11T20:12:44,020 DEBUG main games.domain.game.SnakeAndLadderGame:110 - Performed move by user: Player 1 , Move Type: LADDER_ADVANCE, Move from Position 47 and Move to Position: 69, Roll on the dice 3
2022-03-11T20:12:44,020 DEBUG main games.domain.game.SnakeAndLadderGame:110 - Performed move by user: Player 2 , Move Type: NORMAL_ADVANCE, Move from Position 18 and Move to Position: 19, Roll on the dice 1
2022-03-11T20:12:44,020 DEBUG main games.domain.game.SnakeAndLadderGame:110 - Performed move by user: Player 1 , Move Type: NORMAL_ADVANCE, Move from Position 69 and Move to Position: 72, Roll on the dice 3
2022-03-11T20:12:44,020 DEBUG main games.domain.game.SnakeAndLadderGame:110 - Performed move by user: Player 2 , Move Type: NORMAL_ADVANCE, Move from Position 19 and Move to Position: 25, Roll on the dice 6
2022-03-11T20:12:44,020 DEBUG main games.domain.game.SnakeAndLadderGame:127 - Got a 6 on the Dice! Player Player 2 will play another turn! 
2022-03-11T20:12:44,020 DEBUG main games.domain.game.SnakeAndLadderGame:110 - Performed move by user: Player 2 , Move Type: NORMAL_ADVANCE, Move from Position 25 and Move to Position: 30, Roll on the dice 5
2022-03-11T20:12:44,020 DEBUG main games.domain.game.SnakeAndLadderGame:110 - Performed move by user: Player 1 , Move Type: NORMAL_ADVANCE, Move from Position 72 and Move to Position: 77, Roll on the dice 5
2022-03-11T20:12:44,020 DEBUG main games.domain.game.SnakeAndLadderGame:110 - Performed move by user: Player 2 , Move Type: NORMAL_ADVANCE, Move from Position 30 and Move to Position: 33, Roll on the dice 3
2022-03-11T20:12:44,021 DEBUG main games.domain.game.SnakeAndLadderGame:110 - Performed move by user: Player 1 , Move Type: NORMAL_ADVANCE, Move from Position 77 and Move to Position: 81, Roll on the dice 4
2022-03-11T20:12:44,021 DEBUG main games.domain.game.SnakeAndLadderGame:110 - Performed move by user: Player 2 , Move Type: NORMAL_ADVANCE, Move from Position 33 and Move to Position: 38, Roll on the dice 5
2022-03-11T20:12:44,021 DEBUG main games.domain.game.SnakeAndLadderGame:110 - Performed move by user: Player 1 , Move Type: NORMAL_ADVANCE, Move from Position 81 and Move to Position: 83, Roll on the dice 2
2022-03-11T20:12:44,021 DEBUG main games.domain.game.SnakeAndLadderGame:110 - Performed move by user: Player 2 , Move Type: SNAKE_DESCEND, Move from Position 38 and Move to Position: 18, Roll on the dice 5
2022-03-11T20:12:44,021 DEBUG main games.domain.game.SnakeAndLadderGame:110 - Performed move by user: Player 1 , Move Type: NORMAL_ADVANCE, Move from Position 83 and Move to Position: 88, Roll on the dice 5
2022-03-11T20:12:44,021 DEBUG main games.domain.game.SnakeAndLadderGame:110 - Performed move by user: Player 2 , Move Type: NORMAL_ADVANCE, Move from Position 18 and Move to Position: 19, Roll on the dice 1
2022-03-11T20:12:44,022 DEBUG main games.domain.game.SnakeAndLadderGame:110 - Performed move by user: Player 1 , Move Type: NORMAL_ADVANCE, Move from Position 88 and Move to Position: 90, Roll on the dice 2
2022-03-11T20:12:44,022 DEBUG main games.domain.game.SnakeAndLadderGame:110 - Performed move by user: Player 2 , Move Type: NORMAL_ADVANCE, Move from Position 19 and Move to Position: 22, Roll on the dice 3
2022-03-11T20:12:44,022 DEBUG main games.domain.game.SnakeAndLadderGame:110 - Performed move by user: Player 1 , Move Type: NORMAL_ADVANCE, Move from Position 90 and Move to Position: 95, Roll on the dice 5
2022-03-11T20:12:44,022 DEBUG main games.domain.game.SnakeAndLadderGame:110 - Performed move by user: Player 2 , Move Type: NORMAL_ADVANCE, Move from Position 22 and Move to Position: 28, Roll on the dice 6
2022-03-11T20:12:44,022 DEBUG main games.domain.game.SnakeAndLadderGame:127 - Got a 6 on the Dice! Player Player 2 will play another turn! 
2022-03-11T20:12:44,022 DEBUG main games.domain.game.SnakeAndLadderGame:110 - Performed move by user: Player 2 , Move Type: NORMAL_ADVANCE, Move from Position 28 and Move to Position: 30, Roll on the dice 2
2022-03-11T20:12:44,022 DEBUG main games.domain.game.SnakeAndLadderGame:110 - Performed move by user: Player 1 , Move Type: NORMAL_ADVANCE, Move from Position 95 and Move to Position: 98, Roll on the dice 3
2022-03-11T20:12:44,023 DEBUG main games.domain.game.SnakeAndLadderGame:110 - Performed move by user: Player 2 , Move Type: NORMAL_ADVANCE, Move from Position 30 and Move to Position: 32, Roll on the dice 2
2022-03-11T20:12:44,023 DEBUG main games.domain.game.SnakeAndLadderGame:110 - Performed move by user: Player 1 , Move Type: UNLUCKY_MOVE, Move from Position 98 and Move to Position: 98, Roll on the dice 6
2022-03-11T20:12:44,023 DEBUG main games.domain.game.SnakeAndLadderGame:127 - Got a 6 on the Dice! Player Player 1 will play another turn! 
2022-03-11T20:12:44,023 DEBUG main games.domain.game.SnakeAndLadderGame:110 - Performed move by user: Player 1 , Move Type: UNLUCKY_MOVE, Move from Position 98 and Move to Position: 98, Roll on the dice 6
2022-03-11T20:12:44,023 DEBUG main games.domain.game.SnakeAndLadderGame:127 - Got a 6 on the Dice! Player Player 1 will play another turn! 
2022-03-11T20:12:44,023 DEBUG main games.domain.game.SnakeAndLadderGame:110 - Performed move by user: Player 1 , Move Type: ADVANCE_LUCKY_MOVE, Move from Position 98 and Move to Position: 100, Roll on the dice 2
2022-03-11T20:12:44,023 DEBUG main games.domain.game.SnakeAndLadderGame:121 - Game Completed. Final Lucky move performed by the user: Player 1 
2022-03-11T20:12:44,023 DEBUG main games.domain.game.SnakeAndLadderGame:121 - Game Completed. Final Lucky move performed by the user: Player 1 
2022-03-11T20:23:57,699  INFO main games.domain.game.BoardGame:41 - ******** Starting a Game of  Snake and Ladders!! ********
2022-03-11T20:23:57,702 DEBUG main games.domain.game.SnakeAndLadderGame:110 - Performed move by user: Player 1 , Move Type: NORMAL_ADVANCE, Move from Position 0 and Move to Position: 6, Roll on the dice 6
2022-03-11T20:23:57,703 DEBUG main games.domain.game.SnakeAndLadderGame:127 - Got a 6 on the Dice! Player Player 1 will play another turn! 
2022-03-11T20:23:57,703 DEBUG main games.domain.game.SnakeAndLadderGame:110 - Performed move by user: Player 1 , Move Type: NORMAL_ADVANCE, Move from Position 6 and Move to Position: 8, Roll on the dice 2
2022-03-11T20:23:57,703 DEBUG main games.domain.game.SnakeAndLadderGame:110 - Performed move by user: Player 2 , Move Type: NORMAL_ADVANCE, Move from Position 0 and Move to Position: 3, Roll on the dice 3
2022-03-11T20:23:57,704 DEBUG main games.domain.game.SnakeAndLadderGame:110 - Performed move by user: Player 1 , Move Type: NORMAL_ADVANCE, Move from Position 8 and Move to Position: 12, Roll on the dice 4
2022-03-11T20:23:57,704 DEBUG main games.domain.game.SnakeAndLadderGame:110 - Performed move by user: Player 2 , Move Type: NORMAL_ADVANCE, Move from Position 3 and Move to Position: 7, Roll on the dice 4
2022-03-11T20:23:57,704 DEBUG main games.domain.game.SnakeAndLadderGame:110 - Performed move by user: Player 1 , Move Type: NORMAL_ADVANCE, Move from Position 12 and Move to Position: 17, Roll on the dice 5
2022-03-11T20:23:57,704 DEBUG main games.domain.game.SnakeAndLadderGame:110 - Performed move by user: Player 2 , Move Type: NORMAL_ADVANCE, Move from Position 7 and Move to Position: 9, Roll on the dice 2
2022-03-11T20:23:57,704 DEBUG main games.domain.game.SnakeAndLadderGame:110 - Performed move by user: Player 1 , Move Type: NORMAL_ADVANCE, Move from Position 17 and Move to Position: 18, Roll on the dice 1
2022-03-11T20:23:57,704 DEBUG main games.domain.game.SnakeAndLadderGame:110 - Performed move by user: Player 2 , Move Type: NORMAL_ADVANCE, Move from Position 9 and Move to Position: 14, Roll on the dice 5
2022-03-11T20:23:57,705 DEBUG main games.domain.game.SnakeAndLadderGame:110 - Performed move by user: Player 1 , Move Type: NORMAL_ADVANCE, Move from Position 18 and Move to Position: 21, Roll on the dice 3
2022-03-11T20:23:57,705 DEBUG main games.domain.game.SnakeAndLadderGame:110 - Performed move by user: Player 2 , Move Type: NORMAL_ADVANCE, Move from Position 14 and Move to Position: 16, Roll on the dice 2
2022-03-11T20:23:57,705 DEBUG main games.domain.game.SnakeAndLadderGame:110 - Performed move by user: Player 1 , Move Type: NORMAL_ADVANCE, Move from Position 21 and Move to Position: 26, Roll on the dice 5
2022-03-11T20:23:57,705 DEBUG main games.domain.game.SnakeAndLadderGame:110 - Performed move by user: Player 2 , Move Type: NORMAL_ADVANCE, Move from Position 16 and Move to Position: 17, Roll on the dice 1
2022-03-11T20:23:57,705 DEBUG main games.domain.game.SnakeAndLadderGame:110 - Performed move by user: Player 1 , Move Type: NORMAL_ADVANCE, Move from Position 26 and Move to Position: 31, Roll on the dice 5
2022-03-11T20:23:57,705 DEBUG main games.domain.game.SnakeAndLadderGame:110 - Performed move by user: Player 2 , Move Type: NORMAL_ADVANCE, Move from Position 17 and Move to Position: 20, Roll on the dice 3
2022-03-11T20:23:57,705 DEBUG main games.domain.game.SnakeAndLadderGame:110 - Performed move by user: Player 1 , Move Type: NORMAL_ADVANCE, Move from Position 31 and Move to Position: 35, Roll on the dice 4
2022-03-11T20:23:57,706 DEBUG main games.domain.game.SnakeAndLadderGame:110 - Performed move by user: Player 2 , Move Type: NORMAL_ADVANCE, Move from Position 20 and Move to Position: 25, Roll on the dice 5
2022-03-11T20:23:57,706 DEBUG main games.domain.game.SnakeAndLadderGame:110 - Performed move by user: Player 1 , Move Type: NORMAL_ADVANCE, Move from Position 35 and Move to Position: 37, Roll on the dice 2
2022-03-11T20:23:57,706 DEBUG main games.domain.game.SnakeAndLadderGame:110 - Performed move by user: Player 2 , Move Type: NORMAL_ADVANCE, Move from Position 25 and Move to Position: 30, Roll on the dice 5
2022-03-11T20:23:57,706 DEBUG main games.domain.game.SnakeAndLadderGame:110 - Performed move by user: Player 1 , Move Type: SNAKE_DESCEND, Move from Position 37 and Move to Position: 3, Roll on the dice 3
2022-03-11T20:23:57,706 DEBUG main games.domain.game.SnakeAndLadderGame:110 - Performed move by user: Player 2 , Move Type: NORMAL_ADVANCE, Move from Position 30 and Move to Position: 36, Roll on the dice 6
2022-03-11T20:23:57,706 DEBUG main games.domain.game.SnakeAndLadderGame:127 - Got a 6 on the Dice! Player Player 2 will play another turn! 
2022-03-11T20:23:57,707 DEBUG main games.domain.game.SnakeAndLadderGame:110 - Performed move by user: Player 2 , Move Type: NORMAL_ADVANCE, Move from Position 36 and Move to Position: 39, Roll on the dice 3
2022-03-11T20:23:57,707 DEBUG main games.domain.game.SnakeAndLadderGame:110 - Performed move by user: Player 1 , Move Type: NORMAL_ADVANCE, Move from Position 3 and Move to Position: 9, Roll on the dice 6
2022-03-11T20:23:57,707 DEBUG main games.domain.game.SnakeAndLadderGame:127 - Got a 6 on the Dice! Player Player 1 will play another turn! 
2022-03-11T20:23:57,707 DEBUG main games.domain.game.SnakeAndLadderGame:110 - Performed move by user: Player 1 , Move Type: NORMAL_ADVANCE, Move from Position 9 and Move to Position: 15, Roll on the dice 6
2022-03-11T20:23:57,707 DEBUG main games.domain.game.SnakeAndLadderGame:127 - Got a 6 on the Dice! Player Player 1 will play another turn! 
2022-03-11T20:23:57,707 DEBUG main games.domain.game.SnakeAndLadderGame:110 - Performed move by user: Player 1 , Move Type: NORMAL_ADVANCE, Move from Position 15 and Move to Position: 20, Roll on the dice 5
2022-03-11T20:23:57,707 DEBUG main games.domain.game.SnakeAndLadderGame:110 - Performed move by user: Player 2 , Move Type: NORMAL_ADVANCE, Move from Position 39 and Move to Position: 41, Roll on the dice 2
2022-03-11T20:23:57,707 DEBUG main games.domain.game.SnakeAndLadderGame:110 - Performed move by user: Player 1 , Move Type: NORMAL_ADVANCE, Move from Position 20 and Move to Position: 26, Roll on the dice 6
2022-03-11T20:23:57,708 DEBUG main games.domain.game.SnakeAndLadderGame:127 - Got a 6 on the Dice! Player Player 1 will play another turn! 
2022-03-11T20:23:57,708 DEBUG main games.domain.game.SnakeAndLadderGame:110 - Performed move by user: Player 1 , Move Type: NORMAL_ADVANCE, Move from Position 26 and Move to Position: 32, Roll on the dice 6
2022-03-11T20:23:57,708 DEBUG main games.domain.game.SnakeAndLadderGame:127 - Got a 6 on the Dice! Player Player 1 will play another turn! 
2022-03-11T20:23:57,708 DEBUG main games.domain.game.SnakeAndLadderGame:110 - Performed move by user: Player 1 , Move Type: NORMAL_ADVANCE, Move from Position 32 and Move to Position: 37, Roll on the dice 5
2022-03-11T20:23:57,708 DEBUG main games.domain.game.SnakeAndLadderGame:110 - Performed move by user: Player 2 , Move Type: NORMAL_ADVANCE, Move from Position 41 and Move to Position: 45, Roll on the dice 4
2022-03-11T20:23:57,708 DEBUG main games.domain.game.SnakeAndLadderGame:110 - Performed move by user: Player 1 , Move Type: LADDER_ADVANCE, Move from Position 37 and Move to Position: 63, Roll on the dice 5
2022-03-11T20:23:57,708 DEBUG main games.domain.game.SnakeAndLadderGame:110 - Performed move by user: Player 2 , Move Type: NORMAL_ADVANCE, Move from Position 45 and Move to Position: 51, Roll on the dice 6
2022-03-11T20:23:57,708 DEBUG main games.domain.game.SnakeAndLadderGame:127 - Got a 6 on the Dice! Player Player 2 will play another turn! 
2022-03-11T20:23:57,709 DEBUG main games.domain.game.SnakeAndLadderGame:110 - Performed move by user: Player 2 , Move Type: NORMAL_ADVANCE, Move from Position 51 and Move to Position: 55, Roll on the dice 4
2022-03-11T20:23:57,709 DEBUG main games.domain.game.SnakeAndLadderGame:110 - Performed move by user: Player 1 , Move Type: NORMAL_ADVANCE, Move from Position 63 and Move to Position: 64, Roll on the dice 1
2022-03-11T20:23:57,709 DEBUG main games.domain.game.SnakeAndLadderGame:110 - Performed move by user: Player 2 , Move Type: NORMAL_ADVANCE, Move from Position 55 and Move to Position: 56, Roll on the dice 1
2022-03-11T20:23:57,709 DEBUG main games.domain.game.SnakeAndLadderGame:110 - Performed move by user: Player 1 , Move Type: NORMAL_ADVANCE, Move from Position 64 and Move to Position: 69, Roll on the dice 5
2022-03-11T20:23:57,709 DEBUG main games.domain.game.SnakeAndLadderGame:110 - Performed move by user: Player 2 , Move Type: NORMAL_ADVANCE, Move from Position 56 and Move to Position: 60, Roll on the dice 4
2022-03-11T20:23:57,709 DEBUG main games.domain.game.SnakeAndLadderGame:110 - Performed move by user: Player 1 , Move Type: NORMAL_ADVANCE, Move from Position 69 and Move to Position: 72, Roll on the dice 3
2022-03-11T20:23:57,709 DEBUG main games.domain.game.SnakeAndLadderGame:110 - Performed move by user: Player 2 , Move Type: LADDER_ADVANCE, Move from Position 60 and Move to Position: 81, Roll on the dice 2
2022-03-11T20:23:57,710 DEBUG main games.domain.game.SnakeAndLadderGame:110 - Performed move by user: Player 1 , Move Type: SNAKE_DESCEND, Move from Position 72 and Move to Position: 58, Roll on the dice 4
2022-03-11T20:23:57,710 DEBUG main games.domain.game.SnakeAndLadderGame:110 - Performed move by user: Player 2 , Move Type: NORMAL_ADVANCE, Move from Position 81 and Move to Position: 82, Roll on the dice 1
2022-03-11T20:23:57,710 DEBUG main games.domain.game.SnakeAndLadderGame:110 - Performed move by user: Player 1 , Move Type: NORMAL_ADVANCE, Move from Position 58 and Move to Position: 61, Roll on the dice 3
2022-03-11T20:23:57,710 DEBUG main games.domain.game.SnakeAndLadderGame:110 - Performed move by user: Player 2 , Move Type: NORMAL_ADVANCE, Move from Position 82 and Move to Position: 83, Roll on the dice 1
2022-03-11T20:23:57,710 DEBUG main games.domain.game.SnakeAndLadderGame:110 - Performed move by user: Player 1 , Move Type: NORMAL_ADVANCE, Move from Position 61 and Move to Position: 67, Roll on the dice 6
2022-03-11T20:23:57,710 DEBUG main games.domain.game.SnakeAndLadderGame:127 - Got a 6 on the Dice! Player Player 1 will play another turn! 
2022-03-11T20:23:57,710 DEBUG main games.domain.game.SnakeAndLadderGame:110 - Performed move by user: Player 1 , Move Type: NORMAL_ADVANCE, Move from Position 67 and Move to Position: 70, Roll on the dice 3
2022-03-11T20:23:57,711 DEBUG main games.domain.game.SnakeAndLadderGame:110 - Performed move by user: Player 2 , Move Type: NORMAL_ADVANCE, Move from Position 83 and Move to Position: 85, Roll on the dice 2
2022-03-11T20:23:57,711 DEBUG main games.domain.game.SnakeAndLadderGame:110 - Performed move by user: Player 1 , Move Type: NORMAL_ADVANCE, Move from Position 70 and Move to Position: 73, Roll on the dice 3
2022-03-11T20:23:57,711 DEBUG main games.domain.game.SnakeAndLadderGame:110 - Performed move by user: Player 2 , Move Type: NORMAL_ADVANCE, Move from Position 85 and Move to Position: 88, Roll on the dice 3
2022-03-11T20:23:57,711 DEBUG main games.domain.game.SnakeAndLadderGame:110 - Performed move by user: Player 1 , Move Type: NORMAL_ADVANCE, Move from Position 73 and Move to Position: 79, Roll on the dice 6
2022-03-11T20:23:57,711 DEBUG main games.domain.game.SnakeAndLadderGame:127 - Got a 6 on the Dice! Player Player 1 will play another turn! 
2022-03-11T20:23:57,711 DEBUG main games.domain.game.SnakeAndLadderGame:110 - Performed move by user: Player 1 , Move Type: NORMAL_ADVANCE, Move from Position 79 and Move to Position: 82, Roll on the dice 3
2022-03-11T20:23:57,711 DEBUG main games.domain.game.SnakeAndLadderGame:110 - Performed move by user: Player 2 , Move Type: NORMAL_ADVANCE, Move from Position 88 and Move to Position: 91, Roll on the dice 3
2022-03-11T20:23:57,711 DEBUG main games.domain.game.SnakeAndLadderGame:110 - Performed move by user: Player 1 , Move Type: NORMAL_ADVANCE, Move from Position 82 and Move to Position: 87, Roll on the dice 5
2022-03-11T20:23:57,712 DEBUG main games.domain.game.SnakeAndLadderGame:110 - Performed move by user: Player 2 , Move Type: NORMAL_ADVANCE, Move from Position 91 and Move to Position: 97, Roll on the dice 6
2022-03-11T20:23:57,712 DEBUG main games.domain.game.SnakeAndLadderGame:127 - Got a 6 on the Dice! Player Player 2 will play another turn! 
2022-03-11T20:23:57,712 DEBUG main games.domain.game.SnakeAndLadderGame:110 - Performed move by user: Player 2 , Move Type: ADVANCE_LUCKY_MOVE, Move from Position 97 and Move to Position: 100, Roll on the dice 3
2022-03-11T20:23:57,712 DEBUG main games.domain.game.SnakeAndLadderGame:121 - Game Completed. Final Lucky move performed by the user: Player 2 
2022-03-11T20:23:57,712 DEBUG main games.domain.game.SnakeAndLadderGame:121 - Game Completed. Final Lucky move performed by the user: Player 2 
2022-03-11T20:33:12,350  INFO main games.domain.game.BoardGame:41 - ******** Starting a Game of  Snake and Ladders!! ********
2022-03-11T20:33:12,354 DEBUG main games.domain.game.SnakeAndLadderGame:110 - Performed move by user: Player 1 , Move Type: NORMAL_ADVANCE, Move from Position 0 and Move to Position: 6, Roll on the dice 6
2022-03-11T20:33:12,355 DEBUG main games.domain.game.SnakeAndLadderGame:127 - Got a 6 on the Dice! Player Player 1 will play another turn! 
2022-03-11T20:33:12,355 DEBUG main games.domain.game.SnakeAndLadderGame:110 - Performed move by user: Player 1 , Move Type: NORMAL_ADVANCE, Move from Position 6 and Move to Position: 7, Roll on the dice 1
2022-03-11T20:33:12,356 DEBUG main games.domain.game.SnakeAndLadderGame:110 - Performed move by user: Player 2 , Move Type: NORMAL_ADVANCE, Move from Position 0 and Move to Position: 2, Roll on the dice 2
2022-03-11T20:33:12,356 DEBUG main games.domain.game.SnakeAndLadderGame:110 - Performed move by user: Player 1 , Move Type: LADDER_ADVANCE, Move from Position 7 and Move to Position: 46, Roll on the dice 6
2022-03-11T20:33:12,356 DEBUG main games.domain.game.SnakeAndLadderGame:127 - Got a 6 on the Dice! Player Player 1 will play another turn! 
2022-03-11T20:33:12,356 DEBUG main games.domain.game.SnakeAndLadderGame:110 - Performed move by user: Player 1 , Move Type: NORMAL_ADVANCE, Move from Position 46 and Move to Position: 47, Roll on the dice 1
2022-03-11T20:33:12,356 DEBUG main games.domain.game.SnakeAndLadderGame:110 - Performed move by user: Player 2 , Move Type: NORMAL_ADVANCE, Move from Position 2 and Move to Position: 8, Roll on the dice 6
2022-03-11T20:33:12,357 DEBUG main games.domain.game.SnakeAndLadderGame:127 - Got a 6 on the Dice! Player Player 2 will play another turn! 
2022-03-11T20:33:12,357 DEBUG main games.domain.game.SnakeAndLadderGame:110 - Performed move by user: Player 2 , Move Type: NORMAL_ADVANCE, Move from Position 8 and Move to Position: 11, Roll on the dice 3
2022-03-11T20:33:12,357 DEBUG main games.domain.game.SnakeAndLadderGame:110 - Performed move by user: Player 1 , Move Type: LADDER_ADVANCE, Move from Position 47 and Move to Position: 69, Roll on the dice 3
2022-03-11T20:33:12,357 DEBUG main games.domain.game.SnakeAndLadderGame:110 - Performed move by user: Player 2 , Move Type: NORMAL_ADVANCE, Move from Position 11 and Move to Position: 15, Roll on the dice 4
2022-03-11T20:33:12,357 DEBUG main games.domain.game.SnakeAndLadderGame:110 - Performed move by user: Player 1 , Move Type: NORMAL_ADVANCE, Move from Position 69 and Move to Position: 73, Roll on the dice 4
2022-03-11T20:33:12,357 DEBUG main games.domain.game.SnakeAndLadderGame:110 - Performed move by user: Player 2 , Move Type: NORMAL_ADVANCE, Move from Position 15 and Move to Position: 17, Roll on the dice 2
2022-03-11T20:33:12,358 DEBUG main games.domain.game.SnakeAndLadderGame:110 - Performed move by user: Player 1 , Move Type: LADDER_ADVANCE, Move from Position 73 and Move to Position: 92, Roll on the dice 1
2022-03-11T20:33:12,358 DEBUG main games.domain.game.SnakeAndLadderGame:110 - Performed move by user: Player 2 , Move Type: NORMAL_ADVANCE, Move from Position 17 and Move to Position: 22, Roll on the dice 5
2022-03-11T20:33:12,358 DEBUG main games.domain.game.SnakeAndLadderGame:110 - Performed move by user: Player 1 , Move Type: NORMAL_ADVANCE, Move from Position 92 and Move to Position: 94, Roll on the dice 2
2022-03-11T20:33:12,358 DEBUG main games.domain.game.SnakeAndLadderGame:110 - Performed move by user: Player 2 , Move Type: NORMAL_ADVANCE, Move from Position 22 and Move to Position: 25, Roll on the dice 3
2022-03-11T20:33:12,358 DEBUG main games.domain.game.SnakeAndLadderGame:110 - Performed move by user: Player 1 , Move Type: ADVANCE_LUCKY_MOVE, Move from Position 94 and Move to Position: 100, Roll on the dice 6
2022-03-11T20:33:12,358 DEBUG main games.domain.game.SnakeAndLadderGame:121 - Game Completed. Final Lucky move performed by the user: Player 1 
2022-03-11T20:33:12,358 DEBUG main games.domain.game.SnakeAndLadderGame:121 - Game Completed. Final Lucky move performed by the user: Player 1 
